<?xml version="1.0" encoding="UTF-8"?>
<!-- Generated by org.testng.reporters.JUnitReportReporter -->
<testsuite hostname="DESKTOP-FOKO1P1" failures="0" tests="2" name="qa.testcases.PageTextSizeAutomation" time="5.946" errors="0" timestamp="2024-06-05T15:24:54 BDT" skipped="0">
  <testcase classname="qa.testcases.PageTextSizeAutomation" name="verifyWebpageTextSizeAndFontName" time="2.475"/>
  <system-out/>
  <testcase classname="qa.testcases.PageTextSizeAutomation" name="verifyPageColor" time="3.471"/>
  <system-out/>
</testsuite> <!-- qa.testcases.PageTextSizeAutomation -->
