<?xml version="1.0" encoding="UTF-8"?>
<!-- Generated by org.testng.reporters.JUnitReportReporter -->
<testsuite hostname="DESKTOP-FOKO1P1" failures="0" tests="2" name="qa.testcases.PageTextSizeColorTest" time="5.891" errors="0" timestamp="2024-06-05T15:30:05 BDT" skipped="0">
  <testcase classname="qa.testcases.PageTextSizeColorTest" name="verifyWebpageTextSizeAndFontName" time="2.430"/>
  <system-out/>
  <testcase classname="qa.testcases.PageTextSizeColorTest" name="verifyPageColor" time="3.461"/>
  <system-out/>
</testsuite> <!-- qa.testcases.PageTextSizeColorTest -->
