<?xml version="1.0" encoding="UTF-8"?>
<!-- Generated by org.testng.reporters.JUnitReportReporter -->
<testsuite hostname="DESKTOP-FOKO1P1" failures="0" tests="1" name="qa.testcases.TextHeadingBodyFontNameFontSize" time="1.877" errors="0" timestamp="2024-06-05T15:30:05 BDT" skipped="0">
  <testcase classname="qa.testcases.TextHeadingBodyFontNameFontSize" name="extractTextAndHeading" time="1.877"/>
  <system-out/>
</testsuite> <!-- qa.testcases.TextHeadingBodyFontNameFontSize -->
