<?xml version="1.0" encoding="UTF-8"?>
<!-- Generated by org.testng.reporters.JUnitReportReporter -->
<testsuite hostname="DESKTOP-FOKO1P1" failures="0" tests="1" name="qa.testcases.TextHeadingFront" time="1.617" errors="0" timestamp="2024-06-05T14:52:30 BDT" skipped="0">
  <testcase classname="qa.testcases.TextHeadingFront" name="extractTextAndHeading" time="1.617"/>
  <system-out/>
</testsuite> <!-- qa.testcases.TextHeadingFront -->
